Game Review/app/build/intermediates/manifest_merge_blame_file/debug/manifest-merger-blame-debug-report.txt
1<?xml version="1.0" encoding="utf-8"?>
2<manifest xmlns:android="http://schemas.android.com/apk/res/android"
3    package="pl.kozubek.reviewgame"
4    android:versionCode="1"
5    android:versionName="1.0" >
6
7    <uses-sdk
8        android:minSdkVersion="28"
8-->src/main/AndroidManifest.xml
9        android:targetSdkVersion="32" />
9-->src/main/AndroidManifest.xml
10
11    <uses-permission android:name="android.permission.INTERNET" />
11-->src/main/AndroidManifest.xml:6:5-67
11-->src/main/AndroidManifest.xml:6:22-64
12
13    <application
13-->src/main/AndroidManifest.xml:8:5-49:19
14        android:allowBackup="true"
14-->src/main/AndroidManifest.xml:9:9-35
15        android:appComponentFactory="androidx.core.app.CoreComponentFactory"
15-->[androidx.core:core:1.7.0] AndroidManifest.xml:24:18-86
16        android:debuggable="true"
17        android:extractNativeLibs="false"
18        android:icon="@mipmap/ic_launcher"
18-->src/main/AndroidManifest.xml:10:9-43
19        android:label="@string/app_name"
19-->src/main/AndroidManifest.xml:11:9-41
20        android:roundIcon="@mipmap/ic_launcher_round"
20-->src/main/AndroidManifest.xml:12:9-54
21        android:supportsRtl="true"
21-->src/main/AndroidManifest.xml:13:9-35
22        android:testOnly="true"
23        android:theme="@style/AppTheme"
23-->src/main/AndroidManifest.xml:14:9-40
24        android:usesCleartextTraffic="true" >
24-->src/main/AndroidManifest.xml:15:9-44
25        <activity
25-->src/main/AndroidManifest.xml:16:9-24:20
26            android:name="pl.kozubek.reviewgame.display.MainActivity"
26-->src/main/AndroidManifest.xml:17:13-49
27            android:exported="true" >
27-->src/main/AndroidManifest.xml:18:13-36
28            <intent-filter>
28-->src/main/AndroidManifest.xml:19:13-23:29
29                <action android:name="android.intent.action.MAIN" />
29-->src/main/AndroidManifest.xml:20:17-69
29-->src/main/AndroidManifest.xml:20:25-66
30
31                <category android:name="android.intent.category.LAUNCHER" />
31-->src/main/AndroidManifest.xml:22:17-77
31-->src/main/AndroidManifest.xml:22:27-74
32            </intent-filter>
33        </activity>
34        <activity
34-->src/main/AndroidManifest.xml:26:9-36:20
35            android:name="pl.kozubek.reviewgame.display.DisplayReviewActivity"
35-->src/main/AndroidManifest.xml:27:13-58
36            android:exported="true"
36-->src/main/AndroidManifest.xml:28:13-36
37            android:label="Activity Title"
37-->src/main/AndroidManifest.xml:29:13-43
38            android:theme="@style/AppTheme.NoActionBar" >
38-->src/main/AndroidManifest.xml:30:13-56
39            <intent-filter>
39-->src/main/AndroidManifest.xml:19:13-23:29
40                <action android:name="android.intent.action.MAIN" />
40-->src/main/AndroidManifest.xml:20:17-69
40-->src/main/AndroidManifest.xml:20:25-66
41
42                <category android:name="android.intent.category.LAUNCHER" />
42-->src/main/AndroidManifest.xml:22:17-77
42-->src/main/AndroidManifest.xml:22:27-74
43            </intent-filter>
44        </activity>
45        <activity
45-->src/main/AndroidManifest.xml:37:9-47:20
46            android:name="pl.kozubek.reviewgame.display.DisplayFourBestGames"
46-->src/main/AndroidManifest.xml:38:13-57
47            android:exported="true"
47-->src/main/AndroidManifest.xml:39:13-36
48            android:label="Activity Title"
48-->src/main/AndroidManifest.xml:40:13-43
49            android:theme="@style/AppTheme.NoActionBar" >
49-->src/main/AndroidManifest.xml:41:13-56
50            <intent-filter>
50-->src/main/AndroidManifest.xml:19:13-23:29
51                <action android:name="android.intent.action.MAIN" />
51-->src/main/AndroidManifest.xml:20:17-69
51-->src/main/AndroidManifest.xml:20:25-66
52
53                <category android:name="android.intent.category.LAUNCHER" />
53-->src/main/AndroidManifest.xml:22:17-77
53-->src/main/AndroidManifest.xml:22:27-74
54            </intent-filter>
55        </activity>
56
57        <provider
57-->[com.squareup.picasso:picasso:2.71828] AndroidManifest.xml:8:9-11:40
58            android:name="com.squareup.picasso.PicassoProvider"
58-->[com.squareup.picasso:picasso:2.71828] AndroidManifest.xml:9:13-64
59            android:authorities="pl.kozubek.reviewgame.com.squareup.picasso"
59-->[com.squareup.picasso:picasso:2.71828] AndroidManifest.xml:10:13-72
60            android:exported="false" />
60-->[com.squareup.picasso:picasso:2.71828] AndroidManifest.xml:11:13-37
61        <provider
61-->[androidx.emoji2:emoji2:1.0.0] AndroidManifest.xml:26:9-34:20
62            android:name="androidx.startup.InitializationProvider"
62-->[androidx.emoji2:emoji2:1.0.0] AndroidManifest.xml:27:13-67
63            android:authorities="pl.kozubek.reviewgame.androidx-startup"
63-->[androidx.emoji2:emoji2:1.0.0] AndroidManifest.xml:28:13-68
64            android:exported="false" >
64-->[androidx.emoji2:emoji2:1.0.0] AndroidManifest.xml:29:13-37
65            <meta-data
65-->[androidx.emoji2:emoji2:1.0.0] AndroidManifest.xml:31:13-33:52
66                android:name="androidx.emoji2.text.EmojiCompatInitializer"
66-->[androidx.emoji2:emoji2:1.0.0] AndroidManifest.xml:32:17-75
67                android:value="androidx.startup" />
67-->[androidx.emoji2:emoji2:1.0.0] AndroidManifest.xml:33:17-49
68            <meta-data
68-->[androidx.lifecycle:lifecycle-process:2.4.0] AndroidManifest.xml:31:13-33:52
69                android:name="androidx.lifecycle.ProcessLifecycleInitializer"
69-->[androidx.lifecycle:lifecycle-process:2.4.0] AndroidManifest.xml:32:17-78
70                android:value="androidx.startup" />
70-->[androidx.lifecycle:lifecycle-process:2.4.0] AndroidManifest.xml:33:17-49
71        </provider>
72    </application>
73
74</manifest>